# JRE version: Java(TM) SE Runtime Environment (8.0_91-b14) (build 1.8.0_91-b14)
# Java VM: Java HotSpot(TM) 64-Bit Server VM (25.91-b14 mixed mode windows-amd64 compressed oops)
Heap:
 PSYoungGen      total 330752K, used 85344K [0x00000000e0000000, 0x00000000f9b80000, 0x0000000100000000)
  eden space 311808K, 24% used [0x00000000e0000000,0x00000000e4c0c328,0x00000000f3080000)
  from space 18944K, 39% used [0x00000000f3080000,0x00000000f37cc060,0x00000000f4300000)
  to   space 17920K, 0% used [0x00000000f8a00000,0x00000000f8a00000,0x00000000f9b80000)
 ParOldGen       total 86528K, used 74050K [0x00000000a0000000, 0x00000000a5480000, 0x00000000e0000000)
  object space 86528K, 85% used [0x00000000a0000000,0x00000000a4850958,0x00000000a5480000)
 Metaspace       used 83917K, capacity 87734K, committed 87936K, reserved 1126400K
  class space    used 11093K, capacity 11892K, committed 11904K, reserved 1048576K
GC Heap History (10 events):
Event: 2069.699 GC heap before
{Heap before GC invocations=26 (full 3):
 PSYoungGen      total 205312K, used 192288K [0x00000000e0000000, 0x00000000ed980000, 0x0000000100000000)
  eden space 190976K, 100% used [0x00000000e0000000,0x00000000eba80000,0x00000000eba80000)
  from space 14336K, 9% used [0x00000000ecb80000,0x00000000eccc8010,0x00000000ed980000)
  to   space 15872K, 0% used [0x00000000eba80000,0x00000000eba80000,0x00000000eca00000)
 ParOldGen       total 86528K, used 52321K [0x00000000a0000000, 0x00000000a5480000, 0x00000000e0000000)
  object space 86528K, 60% used [0x00000000a0000000,0x00000000a3318658,0x00000000a5480000)
 Metaspace       used 73185K, capacity 75824K, committed 75904K, reserved 1114112K
  class space    used 9742K, capacity 10367K, committed 10368K, reserved 1048576K
Event: 2075.180 GC heap after
Heap after GC invocations=26 (full 3):
 PSYoungGen      total 206848K, used 13231K [0x00000000e0000000, 0x00000000f1a00000, 0x0000000100000000)
  eden space 190976K, 0% used [0x00000000e0000000,0x00000000e0000000,0x00000000eba80000)
  from space 15872K, 83% used [0x00000000eba80000,0x00000000ec76bfd8,0x00000000eca00000)
  to   space 17408K, 0% used [0x00000000f0900000,0x00000000f0900000,0x00000000f1a00000)
 ParOldGen       total 86528K, used 53537K [0x00000000a0000000, 0x00000000a5480000, 0x00000000e0000000)
  object space 86528K, 61% used [0x00000000a0000000,0x00000000a3448668,0x00000000a5480000)
 Metaspace       used 73185K, capacity 75824K, committed 75904K, reserved 1114112K
  class space    used 9742K, capacity 10367K, committed 10368K, reserved 1048576K
}
Event: 2079.045 GC heap before
{Heap before GC invocations=27 (full 3):
 PSYoungGen      total 206848K, used 203859K [0x00000000e0000000, 0x00000000f1a00000, 0x0000000100000000)
  eden space 190976K, 99% used [0x00000000e0000000,0x00000000eba28cc0,0x00000000eba80000)
  from space 15872K, 83% used [0x00000000eba80000,0x00000000ec76bfd8,0x00000000eca00000)
  to   space 17408K, 0% used [0x00000000f0900000,0x00000000f0900000,0x00000000f1a00000)
 ParOldGen       total 86528K, used 53537K [0x00000000a0000000, 0x00000000a5480000, 0x00000000e0000000)
  object space 86528K, 61% used [0x00000000a0000000,0x00000000a3448668,0x00000000a5480000)
 Metaspace       used 73446K, capacity 76164K, committed 76288K, reserved 1116160K
  class space    used 9782K, capacity 10411K, committed 10496K, reserved 1048576K
Event: 2079.124 GC heap after
Heap after GC invocations=27 (full 3):
 PSYoungGen      total 269312K, used 848K [0x00000000e0000000, 0x00000000f1900000, 0x0000000100000000)
  eden space 252928K, 0% used [0x00000000e0000000,0x00000000e0000000,0x00000000ef700000)
  from space 16384K, 5% used [0x00000000f0900000,0x00000000f09d4130,0x00000000f1900000)
  to   space 17408K, 0% used [0x00000000ef700000,0x00000000ef700000,0x00000000f0800000)
 ParOldGen       total 86528K, used 63261K [0x00000000a0000000, 0x00000000a5480000, 0x00000000e0000000)
  object space 86528K, 73% used [0x00000000a0000000,0x00000000a3dc7778,0x00000000a5480000)
 Metaspace       used 73446K, capacity 76164K, committed 76288K, reserved 1116160K
  class space    used 9782K, capacity 10411K, committed 10496K, reserved 1048576K
}
Event: 2150.072 GC heap before
{Heap before GC invocations=28 (full 3):
 PSYoungGen      total 269312K, used 253776K [0x00000000e0000000, 0x00000000f1900000, 0x0000000100000000)
  eden space 252928K, 100% used [0x00000000e0000000,0x00000000ef700000,0x00000000ef700000)
  from space 16384K, 5% used [0x00000000f0900000,0x00000000f09d4130,0x00000000f1900000)
  to   space 17408K, 0% used [0x00000000ef700000,0x00000000ef700000,0x00000000f0800000)
 ParOldGen       total 86528K, used 63261K [0x00000000a0000000, 0x00000000a5480000, 0x00000000e0000000)
  object space 86528K, 73% used [0x00000000a0000000,0x00000000a3dc7778,0x00000000a5480000)
 Metaspace       used 79177K, capacity 82370K, committed 82432K, reserved 1120256K
  class space    used 10558K, capacity 11256K, committed 11264K, reserved 1048576K
Event: 2150.382 GC heap after
Heap after GC invocations=28 (full 3):
 PSYoungGen      total 270336K, used 15092K [0x00000000e0000000, 0x00000000f5600000, 0x0000000100000000)
  eden space 252928K, 0% used [0x00000000e0000000,0x00000000e0000000,0x00000000ef700000)
  from space 17408K, 86% used [0x00000000ef700000,0x00000000f05bd1b0,0x00000000f0800000)
  to   space 19456K, 0% used [0x00000000f4300000,0x00000000f4300000,0x00000000f5600000)
 ParOldGen       total 86528K, used 63646K [0x00000000a0000000, 0x00000000a5480000, 0x00000000e0000000)
  object space 86528K, 73% used [0x00000000a0000000,0x00000000a3e27858,0x00000000a5480000)
 Metaspace       used 79177K, capacity 82370K, committed 82432K, reserved 1120256K
  class space    used 10558K, capacity 11256K, committed 11264K, reserved 1048576K
}
Event: 2164.908 GC heap before
{Heap before GC invocations=29 (full 3):
 PSYoungGen      total 270336K, used 268020K [0x00000000e0000000, 0x00000000f5600000, 0x0000000100000000)
  eden space 252928K, 100% used [0x00000000e0000000,0x00000000ef700000,0x00000000ef700000)
  from space 17408K, 86% used [0x00000000ef700000,0x00000000f05bd1b0,0x00000000f0800000)
  to   space 19456K, 0% used [0x00000000f4300000,0x00000000f4300000,0x00000000f5600000)
 ParOldGen       total 86528K, used 63646K [0x00000000a0000000, 0x00000000a5480000, 0x00000000e0000000)
  object space 86528K, 73% used [0x00000000a0000000,0x00000000a3e27858,0x00000000a5480000)
 Metaspace       used 82765K, capacity 86204K, committed 86272K, reserved 1124352K
  class space    used 10955K, capacity 11733K, committed 11776K, reserved 1048576K
Event: 2165.913 GC heap after
Heap after GC invocations=29 (full 3):
 PSYoungGen      total 331264K, used 4981K [0x00000000e0000000, 0x00000000f5980000, 0x0000000100000000)
  eden space 311808K, 0% used [0x00000000e0000000,0x00000000e0000000,0x00000000f3080000)
  from space 19456K, 25% used [0x00000000f4300000,0x00000000f47dd6f8,0x00000000f5600000)
  to   space 18944K, 0% used [0x00000000f3080000,0x00000000f3080000,0x00000000f4300000)
 ParOldGen       total 86528K, used 71990K [0x00000000a0000000, 0x00000000a5480000, 0x00000000e0000000)
  object space 86528K, 83% used [0x00000000a0000000,0x00000000a464d8f8,0x00000000a5480000)
 Metaspace       used 82765K, capacity 86204K, committed 86272K, reserved 1124352K
  class space    used 10955K, capacity 11733K, committed 11776K, reserved 1048576K
}
Event: 2195.388 GC heap before
{Heap before GC invocations=30 (full 3):
 PSYoungGen      total 331264K, used 316789K [0x00000000e0000000, 0x00000000f5980000, 0x0000000100000000)
  eden space 311808K, 100% used [0x00000000e0000000,0x00000000f3080000,0x00000000f3080000)
  from space 19456K, 25% used [0x00000000f4300000,0x00000000f47dd6f8,0x00000000f5600000)
  to   space 18944K, 0% used [0x00000000f3080000,0x00000000f3080000,0x00000000f4300000)
 ParOldGen       total 86528K, used 71990K [0x00000000a0000000, 0x00000000a5480000, 0x00000000e0000000)
  object space 86528K, 83% used [0x00000000a0000000,0x00000000a464d8f8,0x00000000a5480000)
 Metaspace       used 83893K, capacity 87662K, committed 87680K, reserved 1124352K
  class space    used 11093K, capacity 11892K, committed 11904K, reserved 1048576K
Event: 2195.550 GC heap after
Heap after GC invocations=30 (full 3):
 PSYoungGen      total 330752K, used 7472K [0x00000000e0000000, 0x00000000f9b80000, 0x0000000100000000)
  eden space 311808K, 0% used [0x00000000e0000000,0x00000000e0000000,0x00000000f3080000)
  from space 18944K, 39% used [0x00000000f3080000,0x00000000f37cc060,0x00000000f4300000)
  to   space 17920K, 0% used [0x00000000f8a00000,0x00000000f8a00000,0x00000000f9b80000)
 ParOldGen       total 86528K, used 74050K [0x00000000a0000000, 0x00000000a5480000, 0x00000000e0000000)
  object space 86528K, 85% used [0x00000000a0000000,0x00000000a4850958,0x00000000a5480000)
 Metaspace       used 83893K, capacity 87662K, committed 87680K, reserved 1124352K
  class space    used 11093K, capacity 11892K, committed 11904K, reserved 1048576K
}

